[2025-12-26 03:48:00] [SUCCESS] ╔════════════════════════════════════════════════════════════╗
║  ULTRA-ROBUST NETWORK REPAIR & DRIVER REINSTALLATION      ║
║  Version 2.0 - Nuclear Option Edition                     ║
║  Log File: F:\study\shells\powershell\scripts\ReinstallAsusNetworkDriver\NetworkFix_20251226_034800.log
╚════════════════════════════════════════════════════════════╝
[2025-12-26 03:48:00] [SUCCESS] ✓ Running with Administrator privileges
[2025-12-26 03:48:00] [INFO] 
[PHASE 1] Creating system restore point...
[2025-12-26 03:48:00] [INFO] Creating system restore point...
[2025-12-26 03:48:13] [SUCCESS] System restore point created
[2025-12-26 03:48:13] [INFO] 
[PHASE 2] Stopping network services...
[2025-12-26 03:48:13] [INFO] Stopping all network-related services...
[2025-12-26 03:48:13] [INFO] Stopped service: wlansvc
[2025-12-26 03:48:13] [INFO] Stopped service: Netman
[2025-12-26 03:48:13] [INFO] Stopped service: NlaSvc
[2025-12-26 03:48:14] [INFO] Stopped service: Dhcp
[2025-12-26 03:48:14] [INFO] Stopped service: Dnscache
[2025-12-26 03:48:14] [INFO] Stopped service: WinHttpAutoProxySvc
[2025-12-26 03:48:14] [INFO] Stopped service: Wcmsvc
[2025-12-26 03:48:17] [INFO] 
[PHASE 3] Resetting network stack...
[2025-12-26 03:48:17] [WARNING] RESETTING ENTIRE NETWORK STACK...
[2025-12-26 03:48:17] [INFO] Resetting TCP/IP stack...
[2025-12-26 03:48:17] [INFO] Resetting Winsock catalog...
[2025-12-26 03:48:17] [INFO] Resetting proxy settings...
[2025-12-26 03:48:17] [INFO] Resetting Windows Firewall to defaults...
[2025-12-26 03:48:18] [INFO] Flushing DNS cache...
[2025-12-26 03:48:18] [INFO] Releasing and renewing IP configuration...
[2025-12-26 03:48:23] [SUCCESS] Network stack reset completed
[2025-12-26 03:48:23] [INFO] 
[PHASE 4] Clearing network caches...
[2025-12-26 03:48:23] [INFO] Clearing all network caches...
[2025-12-26 03:48:23] [SUCCESS] Network caches cleared
[2025-12-26 03:48:23] [INFO] 
[PHASE 5] Removing all WiFi profiles...
[2025-12-26 03:48:23] [INFO] Removing ALL existing WiFi profiles...
[2025-12-26 03:48:23] [SUCCESS] All WiFi profiles removed
[2025-12-26 03:48:23] [INFO] 
[PHASE 6] Removing potentially corrupted drivers...
[2025-12-26 03:48:23] [INFO] Removing potentially corrupted network drivers...
[2025-12-26 03:48:23] [INFO] Uninstalling device: Personal Area Network Service
[2025-12-26 03:48:23] [INFO] Uninstalling device: ASUS System Control Interface v3
[2025-12-26 03:48:23] [INFO] Uninstalling device: HID-compliant wireless radio controls
[2025-12-26 03:48:23] [INFO] Uninstalling device: ASUSTeK COMPUTER INC. ROG Zephyrus G14 GA402XY_GA402XY
[2025-12-26 03:48:23] [INFO] Uninstalling device: Microsoft Kernel Debug Network Adapter
[2025-12-26 03:48:24] [INFO] Uninstalling device: Personal Area Network NAP Service
[2025-12-26 03:48:24] [INFO] Uninstalling device: Xbox Elite Wireless Controller
[2025-12-26 03:48:24] [INFO] Uninstalling device: ASUS Component Firmware Update
[2025-12-26 03:48:24] [INFO] Uninstalling device: ASUS Precision Touchpad
[2025-12-26 03:48:24] [INFO] Uninstalling device: NDIS Virtual Network Adapter Enumerator
[2025-12-26 03:48:24] [SUCCESS] Corrupted drivers removed
[2025-12-26 03:48:29] [INFO] 
[PHASE 7] Restarting network services...
[2025-12-26 03:48:29] [INFO] Starting all network-related services...
[2025-12-26 03:48:29] [SUCCESS] Started service: Dhcp
[2025-12-26 03:48:29] [SUCCESS] Started service: Dnscache
[2025-12-26 03:48:29] [SUCCESS] Started service: NlaSvc
[2025-12-26 03:48:29] [SUCCESS] Started service: Netman
[2025-12-26 03:48:29] [SUCCESS] Started service: WinHttpAutoProxySvc
[2025-12-26 03:48:30] [SUCCESS] Started service: Wcmsvc
[2025-12-26 03:48:30] [SUCCESS] Started service: wlansvc
[2025-12-26 03:48:35] [INFO] 
[PHASE 8] Scanning for hardware changes...
[2025-12-26 03:48:35] [INFO] Scanning for hardware changes...
[2025-12-26 03:48:39] [WARNING] Hardware scan completed with warnings
[2025-12-26 03:48:39] [INFO] 
[PHASE 9] Installing ASUS network drivers...
[2025-12-26 03:48:39] [INFO] Installing ASUS drivers (Attempt 1)...
[2025-12-26 03:48:39] [INFO] Method 1: Running driver installer...
[2025-12-26 03:48:40] [WARNING] Driver installer returned exit code: 1
[2025-12-26 03:48:40] [INFO] Method 2: Searching for .inf files in driver directory...
[2025-12-26 03:48:40] [INFO] Installing driver from: F:\backup\windowsapps\install\Asus\NetworkDriver\BT\mtkbtfilter.inf
[2025-12-26 03:48:41] [INFO] Installing driver from: F:\backup\windowsapps\install\Asus\NetworkDriver\WLAN\mtkwl6ex.inf
[2025-12-26 03:48:42] [SUCCESS] Driver installation via pnputil completed
[2025-12-26 03:48:42] [INFO] 
[PHASE 10] Waiting for WiFi adapter...
[2025-12-26 03:48:42] [INFO] Waiting for WiFi adapter to become available...
[2025-12-26 03:48:48] [INFO] Checking for WiFi adapter... (Elapsed: 6s)
[2025-12-26 03:48:48] [SUCCESS] WiFi adapter detected: Microsoft Wi-Fi Direct Virtual Adapter
[2025-12-26 03:48:48] [INFO] 
[PHASE 11] Skipping adapter reset to preserve WiFi adapter state...
[2025-12-26 03:48:48] [SUCCESS] WiFi adapter is already installed and ready from Phase 10
[2025-12-26 03:48:48] [INFO] Waiting for system to stabilize after driver installation...
[2025-12-26 03:48:58] [INFO] Final verification: Checking WiFi adapter availability...
[2025-12-26 03:48:58] [INFO] Verification attempt 1/15...
[2025-12-26 03:48:58] [WARNING] Method 1 failed: Invalid class 
[2025-12-26 03:48:58] [SUCCESS] ✓ Method 3 SUCCESS: netsh detects WiFi capability
[2025-12-26 03:48:58] [SUCCESS]   Creating mock NetAdapter object from netsh data
[2025-12-26 03:48:58] [SUCCESS] ✓ WiFi adapter ready to use!
[2025-12-26 03:48:58] [SUCCESS] ✓✓✓ Proceeding with WiFi connection!
[2025-12-26 03:48:58] [INFO] 
[PHASE 12] Disabling power management...
[2025-12-26 03:48:58] [INFO] Disabling power management on network adapters...
[2025-12-26 03:48:58] [WARNING] Could not disable all power management settings
[2025-12-26 03:48:58] [INFO] 
[PHASE 13] Enabling location services...
[2025-12-26 03:48:58] [INFO] Enabling location services...
[2025-12-26 03:48:59] [SUCCESS] Location services enabled
[2025-12-26 03:48:59] [INFO] 
[PHASE 14] Configuring DNS settings...
[2025-12-26 03:48:59] [INFO] Configuring optimal DNS settings...
[2025-12-26 03:49:02] [WARNING] Waiting for network stack to initialize...
[2025-12-26 03:49:07] [WARNING] Could not enumerate network adapters, skipping DNS config
[2025-12-26 03:49:07] [INFO] Waiting for network stack to stabilize...
[2025-12-26 03:49:17] [INFO] 
[PHASE 15] Creating WiFi profile...
[2025-12-26 03:49:17] [INFO] Creating WiFi profile for: Stella_5 (Auth: WPA2PSK)
[2025-12-26 03:49:17] [WARNING] Failed with WPA3SAE, trying next...
[2025-12-26 03:49:17] [WARNING] Failed with WPA2PSK, trying next...
[2025-12-26 03:49:17] [WARNING] Failed with WPA2, trying next...
[2025-12-26 03:49:17] [WARNING] Failed with WPAPSK, trying next...
[2025-12-26 03:49:17] [ERROR] Failed to create WiFi profile with any authentication type
[2025-12-26 03:49:17] [ERROR] ❌ Failed to create WiFi profile!
